2026-03-20 22:44:25,515 | INFO  | ======================================================================
2026-03-20 22:44:25,515 | INFO  | Varanus Neo-Flow Extended — Data Fetcher (33 assets)
2026-03-20 22:44:25,515 | INFO  |   Assets:     33
2026-03-20 22:44:25,515 | INFO  |   Timeframes: 5m, 30m, 1h, 4h
2026-03-20 22:44:25,515 | INFO  |   Range:      2023-01-01 → 2026-03-20
2026-03-20 22:44:25,515 | INFO  | ======================================================================
2026-03-20 22:44:25,515 | INFO  | [BTCUSDT]
2026-03-20 22:44:25,515 | INFO  |   BTCUSDT        5m   FULL FETCH
2026-03-20 22:48:52,325 | INFO  |   BTCUSDT        5m   SAVED 338209 bars
2026-03-20 22:48:52,364 | INFO  |   BTCUSDT        30m  FULL FETCH
2026-03-20 22:49:32,351 | INFO  |   BTCUSDT        30m  SAVED 56369 bars
2026-03-20 22:49:32,355 | INFO  |   BTCUSDT        1h   FULL FETCH
2026-03-20 22:49:52,819 | INFO  |   BTCUSDT        1h   SAVED 28185 bars
2026-03-20 22:49:52,821 | INFO  |   BTCUSDT        4h   FULL FETCH
2026-03-20 22:49:58,376 | INFO  |   BTCUSDT        4h   SAVED 7047 bars
2026-03-20 22:49:58,377 | INFO  | 
2026-03-20 22:49:58,377 | INFO  | [ETHUSDT]
2026-03-20 22:49:58,377 | INFO  |   ETHUSDT        5m   FULL FETCH
2026-03-20 22:54:02,378 | INFO  |   ETHUSDT        5m   SAVED 338209 bars
2026-03-20 22:54:02,412 | INFO  |   ETHUSDT        30m  FULL FETCH
2026-03-20 22:54:43,238 | INFO  |   ETHUSDT        30m  SAVED 56369 bars
2026-03-20 22:54:43,241 | INFO  |   ETHUSDT        1h   FULL FETCH
2026-03-20 22:55:03,860 | INFO  |   ETHUSDT        1h   SAVED 28185 bars
2026-03-20 22:55:03,862 | INFO  |   ETHUSDT        4h   FULL FETCH
2026-03-20 22:55:09,709 | INFO  |   ETHUSDT        4h   SAVED 7047 bars
2026-03-20 22:55:09,710 | INFO  | 
2026-03-20 22:55:09,710 | INFO  | [SOLUSDT]
2026-03-20 22:55:09,710 | INFO  |   SOLUSDT        5m   FULL FETCH
2026-03-20 22:59:08,842 | INFO  |   SOLUSDT        5m   SAVED 338209 bars
2026-03-20 22:59:08,877 | INFO  |   SOLUSDT        30m  FULL FETCH
2026-03-20 22:59:51,261 | INFO  |   SOLUSDT        30m  SAVED 56369 bars
2026-03-20 22:59:51,265 | INFO  |   SOLUSDT        1h   FULL FETCH
2026-03-20 23:00:15,781 | INFO  |   SOLUSDT        1h   SAVED 28185 bars
2026-03-20 23:00:15,783 | INFO  |   SOLUSDT        4h   FULL FETCH
2026-03-20 23:00:21,795 | INFO  |   SOLUSDT        4h   SAVED 7047 bars
2026-03-20 23:00:21,795 | INFO  | 
2026-03-20 23:00:21,795 | INFO  | [BNBUSDT]
2026-03-20 23:00:21,795 | INFO  |   BNBUSDT        5m   FULL FETCH
2026-03-20 23:04:47,153 | INFO  |   BNBUSDT        5m   SAVED 338209 bars
2026-03-20 23:04:47,179 | INFO  |   BNBUSDT        30m  FULL FETCH
2026-03-20 23:05:30,550 | INFO  |   BNBUSDT        30m  SAVED 56369 bars
2026-03-20 23:05:30,554 | INFO  |   BNBUSDT        1h   FULL FETCH
2026-03-20 23:05:51,616 | INFO  |   BNBUSDT        1h   SAVED 28185 bars
2026-03-20 23:05:51,618 | INFO  |   BNBUSDT        4h   FULL FETCH
2026-03-20 23:05:57,604 | INFO  |   BNBUSDT        4h   SAVED 7047 bars
2026-03-20 23:05:57,604 | INFO  | 
2026-03-20 23:05:57,604 | INFO  | [XRPUSDT]
2026-03-20 23:05:57,604 | INFO  |   XRPUSDT        5m   FULL FETCH
2026-03-20 23:10:01,743 | INFO  |   XRPUSDT        5m   SAVED 338209 bars
2026-03-20 23:10:01,777 | INFO  |   XRPUSDT        30m  FULL FETCH
2026-03-20 23:10:42,366 | INFO  |   XRPUSDT        30m  SAVED 56369 bars
2026-03-20 23:10:42,369 | INFO  |   XRPUSDT        1h   FULL FETCH
2026-03-20 23:11:03,050 | INFO  |   XRPUSDT        1h   SAVED 28185 bars
2026-03-20 23:11:03,052 | INFO  |   XRPUSDT        4h   FULL FETCH
2026-03-20 23:11:08,601 | INFO  |   XRPUSDT        4h   SAVED 7047 bars
2026-03-20 23:11:08,602 | INFO  | 
2026-03-20 23:11:08,602 | INFO  | [ADAUSDT]
2026-03-20 23:11:08,602 | INFO  |   ADAUSDT        5m   FULL FETCH
2026-03-20 23:15:01,161 | INFO  |   ADAUSDT        5m   SAVED 338209 bars
2026-03-20 23:15:01,189 | INFO  |   ADAUSDT        30m  FULL FETCH
2026-03-20 23:15:43,913 | INFO  |   ADAUSDT        30m  SAVED 56369 bars
2026-03-20 23:15:43,917 | INFO  |   ADAUSDT        1h   FULL FETCH
2026-03-20 23:16:20,220 | INFO  |   ADAUSDT        1h   SAVED 28185 bars
2026-03-20 23:16:20,222 | INFO  |   ADAUSDT        4h   FULL FETCH
2026-03-20 23:16:25,938 | INFO  |   ADAUSDT        4h   SAVED 7047 bars
2026-03-20 23:16:25,939 | INFO  | 
2026-03-20 23:16:25,939 | INFO  | [LINKUSDT]
2026-03-20 23:16:25,939 | INFO  |   LINKUSDT       5m   FULL FETCH
2026-03-20 23:20:34,377 | INFO  |   LINKUSDT       5m   SAVED 338209 bars
2026-03-20 23:20:34,412 | INFO  |   LINKUSDT       30m  FULL FETCH
2026-03-20 23:21:14,183 | INFO  |   LINKUSDT       30m  SAVED 56369 bars
2026-03-20 23:21:14,187 | INFO  |   LINKUSDT       1h   FULL FETCH
2026-03-20 23:21:34,344 | INFO  |   LINKUSDT       1h   SAVED 28185 bars
2026-03-20 23:21:34,346 | INFO  |   LINKUSDT       4h   FULL FETCH
2026-03-20 23:21:40,115 | INFO  |   LINKUSDT       4h   SAVED 7047 bars
2026-03-20 23:21:40,115 | INFO  | 
2026-03-20 23:21:40,115 | INFO  | [DOTUSDT]
2026-03-20 23:21:40,115 | INFO  |   DOTUSDT        5m   FULL FETCH
2026-03-20 23:25:31,402 | INFO  |   DOTUSDT        5m   SAVED 338209 bars
2026-03-20 23:25:31,432 | INFO  |   DOTUSDT        30m  FULL FETCH
2026-03-20 23:26:11,938 | INFO  |   DOTUSDT        30m  SAVED 56369 bars
2026-03-20 23:26:11,942 | INFO  |   DOTUSDT        1h   FULL FETCH
2026-03-20 23:26:32,551 | INFO  |   DOTUSDT        1h   SAVED 28185 bars
2026-03-20 23:26:32,553 | INFO  |   DOTUSDT        4h   FULL FETCH
2026-03-20 23:26:38,103 | INFO  |   DOTUSDT        4h   SAVED 7047 bars
2026-03-20 23:26:38,103 | INFO  | 
2026-03-20 23:26:38,103 | INFO  | [LTCUSDT]
2026-03-20 23:26:38,103 | INFO  |   LTCUSDT        5m   FULL FETCH
2026-03-20 23:30:44,074 | INFO  |   LTCUSDT        5m   SAVED 338209 bars
2026-03-20 23:30:44,110 | INFO  |   LTCUSDT        30m  FULL FETCH
2026-03-20 23:31:26,560 | INFO  |   LTCUSDT        30m  SAVED 56369 bars
2026-03-20 23:31:26,564 | INFO  |   LTCUSDT        1h   FULL FETCH
2026-03-20 23:31:46,842 | INFO  |   LTCUSDT        1h   SAVED 28185 bars
2026-03-20 23:31:46,844 | INFO  |   LTCUSDT        4h   FULL FETCH
2026-03-20 23:31:52,391 | INFO  |   LTCUSDT        4h   SAVED 7047 bars
2026-03-20 23:31:52,392 | INFO  | 
2026-03-20 23:31:52,392 | INFO  | [BCHUSDT]
2026-03-20 23:31:52,392 | INFO  |   BCHUSDT        5m   FULL FETCH
2026-03-20 23:35:50,251 | INFO  |   BCHUSDT        5m   SAVED 338209 bars
2026-03-20 23:35:50,283 | INFO  |   BCHUSDT        30m  FULL FETCH
2026-03-20 23:36:30,166 | INFO  |   BCHUSDT        30m  SAVED 56369 bars
2026-03-20 23:36:30,170 | INFO  |   BCHUSDT        1h   FULL FETCH
2026-03-20 23:36:50,651 | INFO  |   BCHUSDT        1h   SAVED 28185 bars
2026-03-20 23:36:50,653 | INFO  |   BCHUSDT        4h   FULL FETCH
2026-03-20 23:36:56,225 | INFO  |   BCHUSDT        4h   SAVED 7047 bars
2026-03-20 23:36:56,225 | INFO  | 
2026-03-20 23:36:56,225 | INFO  | [TRXUSDT]
2026-03-20 23:36:56,226 | INFO  |   TRXUSDT        5m   FULL FETCH
2026-03-20 23:40:51,163 | INFO  |   TRXUSDT        5m   SAVED 338209 bars
2026-03-20 23:40:51,193 | INFO  |   TRXUSDT        30m  FULL FETCH
2026-03-20 23:41:31,692 | INFO  |   TRXUSDT        30m  SAVED 56369 bars
2026-03-20 23:41:31,696 | INFO  |   TRXUSDT        1h   FULL FETCH
2026-03-20 23:41:52,184 | INFO  |   TRXUSDT        1h   SAVED 28185 bars
2026-03-20 23:41:52,186 | INFO  |   TRXUSDT        4h   FULL FETCH
2026-03-20 23:41:57,717 | INFO  |   TRXUSDT        4h   SAVED 7047 bars
2026-03-20 23:41:57,717 | INFO  | 
2026-03-20 23:41:57,717 | INFO  | [FETUSDT]
2026-03-20 23:41:57,717 | INFO  |   FETUSDT        5m   FULL FETCH
2026-03-20 23:45:47,682 | INFO  |   FETUSDT        5m   SAVED 333571 bars
2026-03-20 23:45:47,721 | INFO  |   FETUSDT        30m  FULL FETCH
2026-03-20 23:46:29,540 | INFO  |   FETUSDT        30m  SAVED 55596 bars
2026-03-20 23:46:29,544 | INFO  |   FETUSDT        1h   FULL FETCH
2026-03-20 23:46:58,320 | INFO  |   FETUSDT        1h   SAVED 27799 bars
2026-03-20 23:46:58,321 | INFO  |   FETUSDT        4h   FULL FETCH
2026-03-20 23:47:03,279 | INFO  |   FETUSDT        4h   SAVED 6951 bars
2026-03-20 23:47:03,280 | INFO  | 
2026-03-20 23:47:03,280 | INFO  | [RENDERUSDT]
2026-03-20 23:47:03,280 | INFO  |   RENDERUSDT     5m   FULL FETCH
2026-03-20 23:49:01,651 | INFO  |   RENDERUSDT     5m   SAVED 173353 bars
2026-03-20 23:49:01,674 | INFO  |   RENDERUSDT     30m  FULL FETCH
2026-03-20 23:49:43,407 | INFO  |   RENDERUSDT     30m  SAVED 28893 bars
2026-03-20 23:49:43,409 | INFO  |   RENDERUSDT     1h   FULL FETCH
2026-03-20 23:50:00,883 | INFO  |   RENDERUSDT     1h   SAVED 14447 bars
2026-03-20 23:50:00,884 | INFO  |   RENDERUSDT     4h   FULL FETCH
2026-03-20 23:50:03,691 | INFO  |   RENDERUSDT     4h   SAVED 3613 bars
2026-03-20 23:50:03,692 | INFO  | 
2026-03-20 23:50:03,692 | INFO  | [NEARUSDT]
2026-03-20 23:50:03,692 | INFO  |   NEARUSDT       5m   FULL FETCH
2026-03-20 23:53:51,732 | INFO  |   NEARUSDT       5m   SAVED 338209 bars
2026-03-20 23:53:51,762 | INFO  |   NEARUSDT       30m  FULL FETCH
2026-03-20 23:54:32,276 | INFO  |   NEARUSDT       30m  SAVED 56369 bars
2026-03-20 23:54:32,281 | INFO  |   NEARUSDT       1h   FULL FETCH
2026-03-20 23:54:52,242 | INFO  |   NEARUSDT       1h   SAVED 28185 bars
2026-03-20 23:54:52,244 | INFO  |   NEARUSDT       4h   FULL FETCH
2026-03-20 23:54:57,746 | INFO  |   NEARUSDT       4h   SAVED 7047 bars
2026-03-20 23:54:57,746 | INFO  | 
2026-03-20 23:54:57,746 | INFO  | [ARUSDT]
2026-03-20 23:54:57,746 | INFO  |   ARUSDT         5m   FULL FETCH
2026-03-20 23:59:01,146 | INFO  |   ARUSDT         5m   SAVED 338209 bars
2026-03-20 23:59:01,176 | INFO  |   ARUSDT         30m  FULL FETCH
2026-03-20 23:59:40,721 | INFO  |   ARUSDT         30m  SAVED 56369 bars
2026-03-20 23:59:40,725 | INFO  |   ARUSDT         1h   FULL FETCH
2026-03-21 00:00:01,218 | INFO  |   ARUSDT         1h   SAVED 28185 bars
2026-03-21 00:00:01,220 | INFO  |   ARUSDT         4h   FULL FETCH
2026-03-21 00:00:06,840 | INFO  |   ARUSDT         4h   SAVED 7047 bars
2026-03-21 00:00:06,840 | INFO  | 
2026-03-21 00:00:06,840 | INFO  | [GRTUSDT]
2026-03-21 00:00:06,840 | INFO  |   GRTUSDT        5m   FULL FETCH
2026-03-21 00:04:04,075 | INFO  |   GRTUSDT        5m   SAVED 338209 bars
2026-03-21 00:04:04,107 | INFO  |   GRTUSDT        30m  FULL FETCH
2026-03-21 00:04:43,943 | INFO  |   GRTUSDT        30m  SAVED 56369 bars
2026-03-21 00:04:43,948 | INFO  |   GRTUSDT        1h   FULL FETCH
2026-03-21 00:05:04,795 | INFO  |   GRTUSDT        1h   SAVED 28185 bars
2026-03-21 00:05:04,797 | INFO  |   GRTUSDT        4h   FULL FETCH
2026-03-21 00:05:10,938 | INFO  |   GRTUSDT        4h   SAVED 7047 bars
2026-03-21 00:05:10,939 | INFO  | 
2026-03-21 00:05:10,939 | INFO  | [INJUSDT]
2026-03-21 00:05:10,939 | INFO  |   INJUSDT        5m   FULL FETCH
2026-03-21 00:09:13,400 | INFO  |   INJUSDT        5m   SAVED 338209 bars
2026-03-21 00:09:13,442 | INFO  |   INJUSDT        30m  FULL FETCH
2026-03-21 00:10:33,793 | INFO  |   INJUSDT        30m  SAVED 56369 bars
2026-03-21 00:10:33,797 | INFO  |   INJUSDT        1h   FULL FETCH
2026-03-21 00:10:54,292 | INFO  |   INJUSDT        1h   SAVED 28185 bars
2026-03-21 00:10:54,294 | INFO  |   INJUSDT        4h   FULL FETCH
2026-03-21 00:11:00,237 | INFO  |   INJUSDT        4h   SAVED 7047 bars
2026-03-21 00:11:00,238 | INFO  | 
2026-03-21 00:11:00,238 | INFO  | [THETAUSDT]
2026-03-21 00:11:00,238 | INFO  |   THETAUSDT      5m   FULL FETCH
2026-03-21 00:14:59,410 | INFO  |   THETAUSDT      5m   SAVED 338209 bars
2026-03-21 00:14:59,443 | INFO  |   THETAUSDT      30m  FULL FETCH
2026-03-21 00:15:39,413 | INFO  |   THETAUSDT      30m  SAVED 56369 bars
2026-03-21 00:15:39,418 | INFO  |   THETAUSDT      1h   FULL FETCH
2026-03-21 00:15:59,946 | INFO  |   THETAUSDT      1h   SAVED 28185 bars
2026-03-21 00:15:59,948 | INFO  |   THETAUSDT      4h   FULL FETCH
2026-03-21 00:16:05,431 | INFO  |   THETAUSDT      4h   SAVED 7047 bars
2026-03-21 00:16:05,431 | INFO  | 
2026-03-21 00:16:05,431 | INFO  | [FILUSDT]
2026-03-21 00:16:05,431 | INFO  |   FILUSDT        5m   FULL FETCH
2026-03-21 00:20:28,682 | INFO  |   FILUSDT        5m   SAVED 338209 bars
2026-03-21 00:20:28,717 | INFO  |   FILUSDT        30m  FULL FETCH
2026-03-21 00:21:08,524 | INFO  |   FILUSDT        30m  SAVED 56369 bars
2026-03-21 00:21:08,528 | INFO  |   FILUSDT        1h   FULL FETCH
2026-03-21 00:21:28,733 | INFO  |   FILUSDT        1h   SAVED 28185 bars
2026-03-21 00:21:28,734 | INFO  |   FILUSDT        4h   FULL FETCH
2026-03-21 00:21:34,231 | INFO  |   FILUSDT        4h   SAVED 7047 bars
2026-03-21 00:21:34,232 | INFO  | 
2026-03-21 00:21:34,232 | INFO  | [ATOMUSDT]
2026-03-21 00:21:34,232 | INFO  |   ATOMUSDT       5m   FULL FETCH
2026-03-21 00:25:38,927 | INFO  |   ATOMUSDT       5m   SAVED 338209 bars
2026-03-21 00:25:38,966 | INFO  |   ATOMUSDT       30m  FULL FETCH
2026-03-21 00:26:19,139 | INFO  |   ATOMUSDT       30m  SAVED 56369 bars
2026-03-21 00:26:19,143 | INFO  |   ATOMUSDT       1h   FULL FETCH
2026-03-21 00:26:39,474 | INFO  |   ATOMUSDT       1h   SAVED 28185 bars
2026-03-21 00:26:39,476 | INFO  |   ATOMUSDT       4h   FULL FETCH
2026-03-21 00:26:45,008 | INFO  |   ATOMUSDT       4h   SAVED 7047 bars
2026-03-21 00:26:45,009 | INFO  | 
2026-03-21 00:26:45,009 | INFO  | [ICPUSDT]
2026-03-21 00:26:45,009 | INFO  |   ICPUSDT        5m   FULL FETCH
2026-03-21 00:30:33,509 | INFO  |   ICPUSDT        5m   SAVED 338209 bars
2026-03-21 00:30:33,554 | INFO  |   ICPUSDT        30m  FULL FETCH
2026-03-21 00:31:12,656 | INFO  |   ICPUSDT        30m  SAVED 56369 bars
2026-03-21 00:31:12,661 | INFO  |   ICPUSDT        1h   FULL FETCH
2026-03-21 00:31:32,440 | INFO  |   ICPUSDT        1h   SAVED 28185 bars
2026-03-21 00:31:32,442 | INFO  |   ICPUSDT        4h   FULL FETCH
2026-03-21 00:31:37,998 | INFO  |   ICPUSDT        4h   SAVED 7047 bars
2026-03-21 00:31:37,998 | INFO  | 
2026-03-21 00:31:37,998 | INFO  | [STXUSDT]
2026-03-21 00:31:37,998 | INFO  |   STXUSDT        5m   FULL FETCH
2026-03-21 00:35:18,302 | INFO  |   STXUSDT        5m   SAVED 323347 bars
2026-03-21 00:35:18,344 | INFO  |   STXUSDT        30m  FULL FETCH
2026-03-21 00:35:57,072 | INFO  |   STXUSDT        30m  SAVED 53892 bars
2026-03-21 00:35:57,076 | INFO  |   STXUSDT        1h   FULL FETCH
2026-03-21 00:36:15,983 | INFO  |   STXUSDT        1h   SAVED 26947 bars
2026-03-21 00:36:15,985 | INFO  |   STXUSDT        4h   FULL FETCH
2026-03-21 00:36:20,823 | INFO  |   STXUSDT        4h   SAVED 6738 bars
2026-03-21 00:36:20,824 | INFO  | 
2026-03-21 00:36:20,824 | INFO  | [PEPEUSDT]
2026-03-21 00:36:20,824 | INFO  |   PEPEUSDT       5m   FULL FETCH
2026-03-21 00:39:48,493 | INFO  |   PEPEUSDT       5m   SAVED 302281 bars
2026-03-21 00:39:48,536 | INFO  |   PEPEUSDT       30m  FULL FETCH
2026-03-21 00:40:25,052 | INFO  |   PEPEUSDT       30m  SAVED 50381 bars
2026-03-21 00:40:25,056 | INFO  |   PEPEUSDT       1h   FULL FETCH
2026-03-21 00:40:44,091 | INFO  |   PEPEUSDT       1h   SAVED 25191 bars
2026-03-21 00:40:44,093 | INFO  |   PEPEUSDT       4h   FULL FETCH
2026-03-21 00:40:49,249 | INFO  |   PEPEUSDT       4h   SAVED 6299 bars
2026-03-21 00:40:49,250 | INFO  | 
2026-03-21 00:40:49,250 | INFO  | [TIAUSDT]
2026-03-21 00:40:49,250 | INFO  |   TIAUSDT        5m   FULL FETCH
2026-03-21 00:44:13,339 | INFO  |   TIAUSDT        5m   SAVED 250729 bars
2026-03-21 00:44:13,376 | INFO  |   TIAUSDT        30m  FULL FETCH
2026-03-21 00:44:42,524 | INFO  |   TIAUSDT        30m  SAVED 41789 bars
2026-03-21 00:44:42,527 | INFO  |   TIAUSDT        1h   FULL FETCH
2026-03-21 00:44:57,786 | INFO  |   TIAUSDT        1h   SAVED 20895 bars
2026-03-21 00:44:57,787 | INFO  |   TIAUSDT        4h   FULL FETCH
2026-03-21 00:45:02,008 | INFO  |   TIAUSDT        4h   SAVED 5225 bars
2026-03-21 00:45:02,009 | INFO  | 
2026-03-21 00:45:02,009 | INFO  | [WIFUSDT]
2026-03-21 00:45:02,009 | INFO  |   WIFUSDT        5m   FULL FETCH
2026-03-21 00:47:46,791 | INFO  |   WIFUSDT        5m   SAVED 228022 bars
2026-03-21 00:47:46,825 | INFO  |   WIFUSDT        30m  FULL FETCH
2026-03-21 00:48:14,625 | INFO  |   WIFUSDT        30m  SAVED 38005 bars
2026-03-21 00:48:14,627 | INFO  |   WIFUSDT        1h   FULL FETCH
2026-03-21 00:48:29,290 | INFO  |   WIFUSDT        1h   SAVED 19003 bars
2026-03-21 00:48:29,292 | INFO  |   WIFUSDT        4h   FULL FETCH
2026-03-21 00:48:32,732 | INFO  |   WIFUSDT        4h   SAVED 4752 bars
2026-03-21 00:48:32,733 | INFO  | 
2026-03-21 00:48:32,733 | INFO  | [BONKUSDT]
2026-03-21 00:48:32,733 | INFO  |   BONKUSDT       5m   FULL FETCH
2026-03-21 00:51:19,824 | INFO  |   BONKUSDT       5m   SAVED 237889 bars
2026-03-21 00:51:19,857 | INFO  |   BONKUSDT       30m  FULL FETCH
2026-03-21 00:51:48,944 | INFO  |   BONKUSDT       30m  SAVED 39649 bars
2026-03-21 00:51:48,946 | INFO  |   BONKUSDT       1h   FULL FETCH
2026-03-21 00:52:02,942 | INFO  |   BONKUSDT       1h   SAVED 19825 bars
2026-03-21 00:52:02,943 | INFO  |   BONKUSDT       4h   FULL FETCH
2026-03-21 00:52:06,753 | INFO  |   BONKUSDT       4h   SAVED 4957 bars
2026-03-21 00:52:06,753 | INFO  | 
2026-03-21 00:52:06,753 | INFO  | [SUIUSDT]
2026-03-21 00:52:06,753 | INFO  |   SUIUSDT        5m   FULL FETCH
2026-03-21 00:56:00,007 | INFO  |   SUIUSDT        5m   SAVED 302881 bars
2026-03-21 00:56:00,051 | INFO  |   SUIUSDT        30m  FULL FETCH
2026-03-21 00:56:36,940 | INFO  |   SUIUSDT        30m  SAVED 50481 bars
2026-03-21 00:56:36,944 | INFO  |   SUIUSDT        1h   FULL FETCH
2026-03-21 00:56:55,396 | INFO  |   SUIUSDT        1h   SAVED 25241 bars
2026-03-21 00:56:55,398 | INFO  |   SUIUSDT        4h   FULL FETCH
2026-03-21 00:57:00,204 | INFO  |   SUIUSDT        4h   SAVED 6311 bars
2026-03-21 00:57:00,204 | INFO  | 
2026-03-21 00:57:00,205 | INFO  | [SEIUSDT]
2026-03-21 00:57:00,205 | INFO  |   SEIUSDT        5m   FULL FETCH
2026-03-21 01:00:15,418 | INFO  |   SEIUSDT        5m   SAVED 272515 bars
2026-03-21 01:00:15,460 | INFO  |   SEIUSDT        30m  FULL FETCH
2026-03-21 01:00:53,248 | INFO  |   SEIUSDT        30m  SAVED 45420 bars
2026-03-21 01:00:53,251 | INFO  |   SEIUSDT        1h   FULL FETCH
2026-03-21 01:01:09,614 | INFO  |   SEIUSDT        1h   SAVED 22711 bars
2026-03-21 01:01:09,616 | INFO  |   SEIUSDT        4h   FULL FETCH
2026-03-21 01:01:14,311 | INFO  |   SEIUSDT        4h   SAVED 5679 bars
2026-03-21 01:01:14,312 | INFO  | 
2026-03-21 01:01:14,312 | INFO  | [APTUSDT]
2026-03-21 01:01:14,312 | INFO  |   APTUSDT        5m   FULL FETCH
2026-03-21 01:05:35,038 | INFO  |   APTUSDT        5m   SAVED 338209 bars
2026-03-21 01:05:35,075 | INFO  |   APTUSDT        30m  FULL FETCH
2026-03-21 01:06:14,779 | INFO  |   APTUSDT        30m  SAVED 56369 bars
2026-03-21 01:06:14,784 | INFO  |   APTUSDT        1h   FULL FETCH
2026-03-21 01:06:35,062 | INFO  |   APTUSDT        1h   SAVED 28185 bars
2026-03-21 01:06:35,064 | INFO  |   APTUSDT        4h   FULL FETCH
2026-03-21 01:06:40,524 | INFO  |   APTUSDT        4h   SAVED 7047 bars
2026-03-21 01:06:40,525 | INFO  | 
2026-03-21 01:06:40,525 | INFO  | [SHIBUSDT]
2026-03-21 01:06:40,525 | INFO  |   SHIBUSDT       5m   FULL FETCH
2026-03-21 01:10:42,568 | INFO  |   SHIBUSDT       5m   SAVED 338193 bars
2026-03-21 01:10:42,611 | INFO  |   SHIBUSDT       30m  FULL FETCH
2026-03-21 01:11:23,875 | INFO  |   SHIBUSDT       30m  SAVED 56367 bars
2026-03-21 01:11:23,880 | INFO  |   SHIBUSDT       1h   FULL FETCH
2026-03-21 01:11:43,613 | INFO  |   SHIBUSDT       1h   SAVED 28184 bars
2026-03-21 01:11:43,614 | INFO  |   SHIBUSDT       4h   FULL FETCH
2026-03-21 01:11:50,167 | INFO  |   SHIBUSDT       4h   SAVED 7047 bars
2026-03-21 01:11:50,168 | INFO  | 
2026-03-21 01:11:50,168 | INFO  | [DOGEUSDT]
2026-03-21 01:11:50,168 | INFO  |   DOGEUSDT       5m   FULL FETCH
2026-03-21 01:15:54,698 | INFO  |   DOGEUSDT       5m   SAVED 338209 bars
2026-03-21 01:15:54,752 | INFO  |   DOGEUSDT       30m  FULL FETCH
2026-03-21 01:16:35,150 | INFO  |   DOGEUSDT       30m  SAVED 56369 bars
2026-03-21 01:16:35,155 | INFO  |   DOGEUSDT       1h   FULL FETCH
2026-03-21 01:16:55,547 | INFO  |   DOGEUSDT       1h   SAVED 28185 bars
2026-03-21 01:16:55,549 | INFO  |   DOGEUSDT       4h   FULL FETCH
2026-03-21 01:17:01,067 | INFO  |   DOGEUSDT       4h   SAVED 7047 bars
2026-03-21 01:17:01,068 | INFO  | 
2026-03-21 01:17:01,068 | INFO  | [FLOKIUSDT]
2026-03-21 01:17:01,068 | INFO  |   FLOKIUSDT      5m   FULL FETCH
2026-03-21 01:20:33,385 | INFO  |   FLOKIUSDT      5m   SAVED 302281 bars
2026-03-21 01:20:33,427 | INFO  |   FLOKIUSDT      30m  FULL FETCH
2026-03-21 01:21:09,533 | INFO  |   FLOKIUSDT      30m  SAVED 50381 bars
2026-03-21 01:21:09,537 | INFO  |   FLOKIUSDT      1h   FULL FETCH
2026-03-21 01:21:27,573 | INFO  |   FLOKIUSDT      1h   SAVED 25191 bars
2026-03-21 01:21:27,575 | INFO  |   FLOKIUSDT      4h   FULL FETCH
2026-03-21 01:21:34,138 | INFO  |   FLOKIUSDT      4h   SAVED 6299 bars
2026-03-21 01:21:34,138 | INFO  | 
2026-03-21 01:21:34,138 | INFO  | [OPUSDT]
2026-03-21 01:21:34,138 | INFO  |   OPUSDT         5m   FULL FETCH
2026-03-21 01:25:32,724 | INFO  |   OPUSDT         5m   SAVED 338209 bars
2026-03-21 01:25:32,777 | INFO  |   OPUSDT         30m  FULL FETCH
2026-03-21 01:26:14,736 | INFO  |   OPUSDT         30m  SAVED 56369 bars
2026-03-21 01:26:14,742 | INFO  |   OPUSDT         1h   FULL FETCH
2026-03-21 01:26:49,637 | INFO  |   OPUSDT         1h   SAVED 28185 bars
2026-03-21 01:26:49,639 | INFO  |   OPUSDT         4h   FULL FETCH
2026-03-21 01:26:55,121 | INFO  |   OPUSDT         4h   SAVED 7047 bars
2026-03-21 01:26:55,122 | INFO  | 
2026-03-21 01:26:55,122 | INFO  | ======================================================================
2026-03-21 01:26:55,122 | INFO  | SUMMARY
2026-03-21 01:26:55,122 | INFO  |   BTCUSDT         5m=338,209  30m= 56,369  1h= 28,185  4h=  7,047
2026-03-21 01:26:55,122 | INFO  |   ETHUSDT         5m=338,209  30m= 56,369  1h= 28,185  4h=  7,047
2026-03-21 01:26:55,122 | INFO  |   SOLUSDT         5m=338,209  30m= 56,369  1h= 28,185  4h=  7,047
2026-03-21 01:26:55,122 | INFO  |   BNBUSDT         5m=338,209  30m= 56,369  1h= 28,185  4h=  7,047
2026-03-21 01:26:55,122 | INFO  |   XRPUSDT         5m=338,209  30m= 56,369  1h= 28,185  4h=  7,047
2026-03-21 01:26:55,122 | INFO  |   ADAUSDT         5m=338,209  30m= 56,369  1h= 28,185  4h=  7,047
2026-03-21 01:26:55,122 | INFO  |   LINKUSDT        5m=338,209  30m= 56,369  1h= 28,185  4h=  7,047
2026-03-21 01:26:55,122 | INFO  |   DOTUSDT         5m=338,209  30m= 56,369  1h= 28,185  4h=  7,047
2026-03-21 01:26:55,122 | INFO  |   LTCUSDT         5m=338,209  30m= 56,369  1h= 28,185  4h=  7,047
2026-03-21 01:26:55,122 | INFO  |   BCHUSDT         5m=338,209  30m= 56,369  1h= 28,185  4h=  7,047
2026-03-21 01:26:55,122 | INFO  |   TRXUSDT         5m=338,209  30m= 56,369  1h= 28,185  4h=  7,047
2026-03-21 01:26:55,122 | INFO  |   FETUSDT         5m=333,571  30m= 55,596  1h= 27,799  4h=  6,951
2026-03-21 01:26:55,122 | INFO  |   RENDERUSDT      5m=173,353  30m= 28,893  1h= 14,447  4h=  3,613
2026-03-21 01:26:55,122 | INFO  |   NEARUSDT        5m=338,209  30m= 56,369  1h= 28,185  4h=  7,047
2026-03-21 01:26:55,122 | INFO  |   ARUSDT          5m=338,209  30m= 56,369  1h= 28,185  4h=  7,047
2026-03-21 01:26:55,122 | INFO  |   GRTUSDT         5m=338,209  30m= 56,369  1h= 28,185  4h=  7,047
2026-03-21 01:26:55,122 | INFO  |   INJUSDT         5m=338,209  30m= 56,369  1h= 28,185  4h=  7,047
2026-03-21 01:26:55,122 | INFO  |   THETAUSDT       5m=338,209  30m= 56,369  1h= 28,185  4h=  7,047
2026-03-21 01:26:55,122 | INFO  |   FILUSDT         5m=338,209  30m= 56,369  1h= 28,185  4h=  7,047
2026-03-21 01:26:55,122 | INFO  |   ATOMUSDT        5m=338,209  30m= 56,369  1h= 28,185  4h=  7,047
2026-03-21 01:26:55,122 | INFO  |   ICPUSDT         5m=338,209  30m= 56,369  1h= 28,185  4h=  7,047
2026-03-21 01:26:55,122 | INFO  |   STXUSDT         5m=323,347  30m= 53,892  1h= 26,947  4h=  6,738
2026-03-21 01:26:55,122 | INFO  |   PEPEUSDT        5m=302,281  30m= 50,381  1h= 25,191  4h=  6,299
2026-03-21 01:26:55,122 | INFO  |   TIAUSDT         5m=250,729  30m= 41,789  1h= 20,895  4h=  5,225
2026-03-21 01:26:55,122 | INFO  |   WIFUSDT         5m=228,022  30m= 38,005  1h= 19,003  4h=  4,752
2026-03-21 01:26:55,122 | INFO  |   BONKUSDT        5m=237,889  30m= 39,649  1h= 19,825  4h=  4,957
2026-03-21 01:26:55,122 | INFO  |   SUIUSDT         5m=302,881  30m= 50,481  1h= 25,241  4h=  6,311
2026-03-21 01:26:55,122 | INFO  |   SEIUSDT         5m=272,515  30m= 45,420  1h= 22,711  4h=  5,679
2026-03-21 01:26:55,122 | INFO  |   APTUSDT         5m=338,209  30m= 56,369  1h= 28,185  4h=  7,047
2026-03-21 01:26:55,122 | INFO  |   SHIBUSDT        5m=338,193  30m= 56,367  1h= 28,184  4h=  7,047
2026-03-21 01:26:55,122 | INFO  |   DOGEUSDT        5m=338,209  30m= 56,369  1h= 28,185  4h=  7,047
2026-03-21 01:26:55,122 | INFO  |   FLOKIUSDT       5m=302,281  30m= 50,381  1h= 25,191  4h=  6,299
2026-03-21 01:26:55,122 | INFO  |   OPUSDT          5m=338,209  30m= 56,369  1h= 28,185  4h=  7,047
2026-03-21 01:26:55,122 | INFO  | ======================================================================
